2021-07-15 08:51:46.863  INFO 20964 --- [restartedMain] o.n.a.TicketManagementApplication        : Starting TicketManagementApplication using Java 15.0.2 on sanjeevsingh01 with PID 20964 (C:\Users\sanjeevsingh01\Desktop\ForGithub\TicketManagement\TicketManagement\target\classes started by sanjeevsingh01 in C:\Users\sanjeevsingh01\Desktop\ForGithub\TicketManagement\TicketManagement)
2021-07-15 08:51:46.874  INFO 20964 --- [restartedMain] o.n.a.TicketManagementApplication        : No active profile set, falling back to default profiles: default
2021-07-15 08:51:46.973  INFO 20964 --- [restartedMain] .e.DevToolsPropertyDefaultsPostProcessor : Devtools property defaults active! Set 'spring.devtools.add-properties' to 'false' to disable
2021-07-15 08:51:46.974  INFO 20964 --- [restartedMain] .e.DevToolsPropertyDefaultsPostProcessor : For additional web related logging consider setting the 'logging.level.web' property to 'DEBUG'
2021-07-15 08:51:49.334  INFO 20964 --- [restartedMain] o.s.b.w.embedded.tomcat.TomcatWebServer  : Tomcat initialized with port(s): 8283 (http)
2021-07-15 08:51:49.346  INFO 20964 --- [restartedMain] o.apache.catalina.core.StandardService   : Starting service [Tomcat]
2021-07-15 08:51:49.348  INFO 20964 --- [restartedMain] org.apache.catalina.core.StandardEngine  : Starting Servlet engine: [Apache Tomcat/9.0.45]
2021-07-15 08:51:49.445  INFO 20964 --- [restartedMain] o.a.c.c.C.[Tomcat].[localhost].[/]       : Initializing Spring embedded WebApplicationContext
2021-07-15 08:51:49.446  INFO 20964 --- [restartedMain] w.s.c.ServletWebServerApplicationContext : Root WebApplicationContext: initialization completed in 2470 ms
2021-07-15 08:51:49.996  INFO 20964 --- [restartedMain] o.s.s.concurrent.ThreadPoolTaskExecutor  : Initializing ExecutorService 'applicationTaskExecutor'
2021-07-15 08:51:51.188  WARN 20964 --- [restartedMain] o.s.b.d.a.OptionalLiveReloadServer       : Unable to start LiveReload server
2021-07-15 08:51:51.200  INFO 20964 --- [restartedMain] o.s.b.a.e.web.EndpointLinksResolver      : Exposing 14 endpoint(s) beneath base path '/actuator'
2021-07-15 08:51:51.308  INFO 20964 --- [restartedMain] o.s.b.w.embedded.tomcat.TomcatWebServer  : Tomcat started on port(s): 8283 (http) with context path ''
2021-07-15 08:51:51.343  INFO 20964 --- [restartedMain] o.n.a.TicketManagementApplication        : Started TicketManagementApplication in 5.313 seconds (JVM running for 7.108)
2021-07-15 08:52:09.804  INFO 20964 --- [http-nio-8283-exec-1] o.a.c.c.C.[Tomcat].[localhost].[/]       : Initializing Spring DispatcherServlet 'dispatcherServlet'
2021-07-15 08:52:45.980  INFO 20964 --- [http-nio-8283-exec-5] o.n.a.controllers.MainController         : loginTask() called
2021-07-15 08:52:45.982  INFO 20964 --- [http-nio-8283-exec-5] o.n.application1.service.ApiServices     : getEmployerByUsernameAndPassword() called
2021-07-15 08:52:46.864  WARN 20964 --- [http-nio-8283-exec-5] o.n.application1.service.ApiServices     : invalid credentials
2021-07-15 08:53:39.322  INFO 20964 --- [http-nio-8283-exec-8] o.n.a.controllers.MainController         : loginTask() called
2021-07-15 08:53:39.324  INFO 20964 --- [http-nio-8283-exec-8] o.n.application1.service.ApiServices     : getEmployerByUsernameAndPassword() called
2021-07-15 08:53:39.498  INFO 20964 --- [http-nio-8283-exec-8] o.n.application1.service.ApiServices     : username and password matched successfuly
2021-07-15 08:54:01.400  INFO 20964 --- [http-nio-8283-exec-10] o.n.a.controllers.MainController         : addTicketTask() called
2021-07-15 08:54:01.401  INFO 20964 --- [http-nio-8283-exec-10] o.n.application1.service.ApiServices     : updateEmployer() called
2021-07-15 08:54:02.696  INFO 20964 --- [http-nio-8283-exec-10] o.n.application1.service.ApiServices     : getEmployerById() called
